2024-06-11 09:28:01,362 - root - INFO - 
2024-06-11 09:28:01,362 - root - INFO - 
2024-06-11 09:28:01,363 - root - INFO - 
2024-06-11 09:28:01,363 - root - INFO - 
2024-06-11 09:28:01,363 - root - INFO - ***-----------------INICIANDO BOT DSS---------------------------***
2024-06-11 09:28:01,422 - root - INFO - Asignando valores por defecto antes de leer la config.
2024-06-11 09:28:01,430 - root - INFO - Leyendo la config desde el archivo: GenCapturas2.ini
2024-06-11 09:28:01,461 - root - INFO - Creando carpeta diaria.
2024-06-11 09:28:01,461 - root - INFO - Creando carpeta: C:\Utils\EstadoCamPY\Capturas\20240611
2024-06-11 09:28:03,494 - root - INFO - Activando ventana de APP DSS Client.
2024-06-11 09:28:05,503 - root - INFO - Conectando a la BD.
2024-06-11 09:28:05,568 - root - INFO - Conectando a la BD, OK.
2024-06-11 09:28:05,595 - root - INFO - Ejecutando consulta a la BD: SELECT id_empresa, nombre_empresa, EstadoCamNombre, UltEstadoCamDia, rut_empresa FROM empresa where estadocamdia = 1 and deshabilitado = 0 and UltEstadoCamDia < DATE(NOW())
2024-06-11 09:28:05,613 - root - INFO - Total empresas: 0
2024-06-11 09:28:05,619 - root - INFO - inicio del listado de empresas a capturar
2024-06-11 09:28:05,626 - root - INFO - Total empresas: 0
2024-06-11 09:28:05,665 - root - INFO - Conexion BD cerrada.
2024-06-11 09:28:05,671 - root - INFO - Cerrando la ultima vista cargada. Se hara clic en: 1620,70
2024-06-11 09:28:05,793 - root - INFO - Limpiar campo de busqueda: Se hara clic en 500,177
2024-06-11 09:28:05,918 - root - INFO - Cerrar ventana monitoreo: Se hara clic en 500,30
2024-06-11 09:28:06,021 - root - INFO - ***-----------------FINALIZANDO BOT DSS---------------------------***
2024-06-11 09:29:36,056 - root - INFO - 
2024-06-11 09:29:36,056 - root - INFO - 
2024-06-11 09:29:36,056 - root - INFO - 
2024-06-11 09:29:36,056 - root - INFO - 
2024-06-11 09:29:36,056 - root - INFO - ***-----------------INICIANDO BOT DSS---------------------------***
2024-06-11 09:29:36,060 - root - INFO - Asignando valores por defecto antes de leer la config.
2024-06-11 09:29:36,063 - root - INFO - Leyendo la config desde el archivo: GenCapturas2.ini
2024-06-11 09:29:36,073 - root - INFO - Creando carpeta diaria.
2024-06-11 09:29:38,095 - root - INFO - Activando ventana de APP DSS Client.
2024-06-11 09:29:40,103 - root - INFO - Conectando a la BD.
2024-06-11 09:29:40,591 - root - INFO - Conectando a la BD, OK.
2024-06-11 09:29:40,621 - root - INFO - Ejecutando consulta a la BD: SELECT id_empresa, nombre_empresa, EstadoCamNombre, UltEstadoCamDia, rut_empresa FROM empresa where estadocamdia = 1 and deshabilitado = 0 and UltEstadoCamDia < DATE(NOW())
2024-06-11 09:29:40,638 - root - INFO - Total empresas: 0
2024-06-11 09:29:40,646 - root - INFO - inicio del listado de empresas a capturar
2024-06-11 09:29:40,653 - root - INFO - Total empresas: 0
2024-06-11 09:29:40,693 - root - INFO - Conexion BD cerrada.
2024-06-11 09:29:40,705 - root - INFO - Cerrando la ultima vista cargada. Se hara clic en: 1620,70
2024-06-11 09:29:40,838 - root - INFO - Limpiar campo de busqueda: Se hara clic en 500,177
2024-06-11 09:29:40,974 - root - INFO - Cerrar ventana monitoreo: Se hara clic en 500,30
2024-06-11 09:29:41,091 - root - INFO - ***-----------------FINALIZANDO BOT DSS---------------------------***
2024-06-11 09:30:59,298 - root - INFO - 
2024-06-11 09:30:59,299 - root - INFO - 
2024-06-11 09:30:59,299 - root - INFO - 
2024-06-11 09:30:59,299 - root - INFO - 
2024-06-11 09:30:59,299 - root - INFO - ***-----------------INICIANDO BOT DSS---------------------------***
2024-06-11 09:30:59,313 - root - INFO - Asignando valores por defecto antes de leer la config.
2024-06-11 09:30:59,319 - root - INFO - Leyendo la config desde el archivo: GenCapturas2.ini
2024-06-11 09:30:59,333 - root - INFO - Creando carpeta diaria.
2024-06-11 09:31:01,361 - root - INFO - Activando ventana de APP DSS Client.
2024-06-11 09:31:03,377 - root - INFO - Conectando a la BD.
2024-06-11 09:31:03,451 - root - INFO - Conectando a la BD, OK.
2024-06-11 09:31:03,482 - root - INFO - Ejecutando consulta a la BD: SELECT id_empresa, nombre_empresa, EstadoCamNombre, UltEstadoCamDia, rut_empresa FROM empresa where estadocamdia > 0 and deshabilitado = 0 and UltEstadoCamDia < DATE(NOW())
2024-06-11 09:31:03,498 - root - INFO - Total empresas: 13
2024-06-11 09:31:03,504 - root - INFO - inicio del listado de empresas a capturar
2024-06-11 09:31:03,516 - root - INFO - --ID Empresa: 9, Nombre: ACEMED SPA, EstadoCamNombre: ACEMED SPA, RUT: 76.084.383-0
2024-06-11 09:31:03,523 - root - INFO - --ID Empresa: 11, Nombre: AGTV , EstadoCamNombre: AGTV, RUT: 76092575-6
2024-06-11 09:31:03,536 - root - INFO - --ID Empresa: 12, Nombre: BASCUNAN 222, EstadoCamNombre: BASCUÑAN 222, RUT: 78235450-7
2024-06-11 09:31:03,549 - root - INFO - --ID Empresa: 14, Nombre: CESAR JADUE S.A BODEGA CESAR, EstadoCamNombre: BODEGA CESAR, RUT: 82.300.700-0
2024-06-11 09:31:03,561 - root - INFO - --ID Empresa: 15, Nombre: DISTRIBUIDORA SAN JOAQUIN, EstadoCamNombre: SAN JOAQUIN, RUT: 84736800-4
2024-06-11 09:31:03,573 - root - INFO - --ID Empresa: 18, Nombre: JAIME URIBE , EstadoCamNombre: JAIME URIBE, RUT: 76689630-8
2024-06-11 09:31:03,585 - root - INFO - --ID Empresa: 19, Nombre: MQI CONCHALI, EstadoCamNombre: MQI CONCHALI, RUT: 78.726.490-5
2024-06-11 09:31:03,593 - root - INFO - --ID Empresa: 24, Nombre: DEGRAF SPA , EstadoCamNombre: DEGRAF, RUT: 77179750-4
2024-06-11 09:31:03,599 - root - INFO - --ID Empresa: 29, Nombre: BELUXA S.A, EstadoCamNombre: BELUXA, RUT: 99548150-2
2024-06-11 09:31:03,605 - root - INFO - --ID Empresa: 35, Nombre: METALDUO , EstadoCamNombre: METALDUO, RUT: 76319135-4
2024-06-11 09:31:03,612 - root - INFO - --ID Empresa: 37, Nombre: DAFF, EstadoCamNombre: DAFF, RUT: 76730550-8
2024-06-11 09:31:03,624 - root - INFO - --ID Empresa: 136, Nombre: EBCO VITAPARK, EstadoCamNombre: EBCO VITAPARK, RUT: 76525290-3
2024-06-11 09:31:03,635 - root - INFO - --ID Empresa: 137, Nombre: EBCO PARQUE LOS ENCINOS, EstadoCamNombre: EBCO LOS ENCINOS, RUT: 76525290-3
2024-06-11 09:31:03,641 - root - INFO - Total empresas: 13
2024-06-11 09:31:05,728 - root - INFO - Preparando pantallazo [ID Empresa: {id_empresa}, Nombre Empresa: {EstadoCamNombre} ] ultima fecha procesada: 2024-06-10
2024-06-11 09:31:05,743 - root - INFO - Limpiar campo de busqueda: Se hara clic en 500,177
2024-06-11 09:31:06,870 - root - INFO - Escribir Nombre Empresa [ACEMED SPA]
2024-06-11 09:31:09,214 - root - INFO - Doble clic en la empresa encontrada, en las coordenadas del primer resultado: 331,288
2024-06-11 09:31:14,355 - root - INFO - El nombre de archivo sera: ACEMED SPA_20240611.jpg
2024-06-11 09:31:14,369 - root - INFO - Haciendo el print de pantalla en las areas: (90,90 y 1375,947)
2024-06-11 09:31:14,505 - root - INFO - Guardando archivo: C:\Utils\EstadoCamPY\Capturas\20240611\ACEMED SPA_20240611.jpg
2024-06-11 09:31:14,763 - root - INFO - Guardado OK.
2024-06-11 09:31:14,776 - root - INFO - Cerrando vista cliente. Se hara clic en: 1620,70
2024-06-11 09:31:16,963 - root - INFO - Preparando pantallazo [ID Empresa: {id_empresa}, Nombre Empresa: {EstadoCamNombre} ] ultima fecha procesada: 2024-06-10
2024-06-11 09:31:16,977 - root - INFO - Limpiar campo de busqueda: Se hara clic en 500,177
2024-06-11 09:31:18,105 - root - INFO - Escribir Nombre Empresa [AGTV]
2024-06-11 09:31:20,462 - root - INFO - Doble clic en la empresa encontrada, en las coordenadas del primer resultado: 331,288
2024-06-11 09:31:25,632 - root - INFO - El nombre de archivo sera: AGTV_20240611.jpg
2024-06-11 09:31:25,645 - root - INFO - Haciendo el print de pantalla en las areas: (90,90 y 1375,947)
2024-06-11 09:31:25,775 - root - INFO - Guardando archivo: C:\Utils\EstadoCamPY\Capturas\20240611\AGTV_20240611.jpg
2024-06-11 09:31:25,797 - root - INFO - Guardado OK.
2024-06-11 09:31:25,804 - root - INFO - Cerrando vista cliente. Se hara clic en: 1620,70
2024-06-11 09:31:27,985 - root - INFO - Preparando pantallazo [ID Empresa: {id_empresa}, Nombre Empresa: {EstadoCamNombre} ] ultima fecha procesada: 2024-06-10
2024-06-11 09:31:27,993 - root - INFO - Limpiar campo de busqueda: Se hara clic en 500,177
2024-06-11 09:31:29,121 - root - INFO - Escribir Nombre Empresa [BASCUÑAN 222]
2024-06-11 09:31:31,484 - root - INFO - Doble clic en la empresa encontrada, en las coordenadas del primer resultado: 331,288
2024-06-11 09:31:36,626 - root - INFO - Conexion BD cerrada.
2024-06-11 10:27:38,259 - root - INFO - 
2024-06-11 10:27:38,259 - root - INFO - 
2024-06-11 10:27:38,259 - root - INFO - 
2024-06-11 10:27:38,259 - root - INFO - 
2024-06-11 10:27:38,259 - root - INFO - ***-----------------INICIANDO BOT DSS---------------------------***
2024-06-11 10:27:38,309 - root - INFO - Asignando valores por defecto antes de leer la config.
2024-06-11 10:27:38,313 - root - INFO - Leyendo la config desde el archivo: GenCapturas2.ini
2024-06-11 10:27:38,320 - root - INFO - Creando carpeta diaria.
2024-06-11 10:27:40,349 - root - INFO - Activando ventana de APP DSS Client.
2024-06-11 10:27:42,359 - root - INFO - Conectando a la BD.
2024-06-11 10:27:42,635 - root - INFO - Conectando a la BD, OK.
2024-06-11 10:27:42,662 - root - INFO - Ejecutando consulta a la BD: SELECT id_empresa, nombre_empresa, EstadoCamNombre, UltEstadoCamDia, rut_empresa FROM empresa where estadocamdia > 0 and deshabilitado = 0 and UltEstadoCamDia < DATE(NOW())
2024-06-11 10:27:42,681 - root - INFO - Total empresas: 11
2024-06-11 10:27:42,684 - root - INFO - inicio del listado de empresas a capturar
2024-06-11 10:27:42,692 - root - INFO - --ID Empresa: 12, Nombre: BASCUNAN 222, EstadoCamNombre: BASCUÑAN 222, RUT: 78235450-7
2024-06-11 10:27:42,699 - root - INFO - --ID Empresa: 14, Nombre: CESAR JADUE S.A BODEGA CESAR, EstadoCamNombre: BODEGA CESAR, RUT: 82.300.700-0
2024-06-11 10:27:42,705 - root - INFO - --ID Empresa: 15, Nombre: DISTRIBUIDORA SAN JOAQUIN, EstadoCamNombre: SAN JOAQUIN, RUT: 84736800-4
2024-06-11 10:27:42,711 - root - INFO - --ID Empresa: 18, Nombre: JAIME URIBE , EstadoCamNombre: JAIME URIBE, RUT: 76689630-8
2024-06-11 10:27:42,717 - root - INFO - --ID Empresa: 19, Nombre: MQI CONCHALI, EstadoCamNombre: MQI CONCHALI, RUT: 78.726.490-5
2024-06-11 10:27:42,720 - root - INFO - --ID Empresa: 24, Nombre: DEGRAF SPA , EstadoCamNombre: DEGRAF, RUT: 77179750-4
2024-06-11 10:27:42,723 - root - INFO - --ID Empresa: 29, Nombre: BELUXA S.A, EstadoCamNombre: BELUXA, RUT: 99548150-2
2024-06-11 10:27:42,725 - root - INFO - --ID Empresa: 35, Nombre: METALDUO , EstadoCamNombre: METALDUO, RUT: 76319135-4
2024-06-11 10:27:42,729 - root - INFO - --ID Empresa: 37, Nombre: DAFF, EstadoCamNombre: DAFF, RUT: 76730550-8
2024-06-11 10:27:42,734 - root - INFO - --ID Empresa: 136, Nombre: EBCO VITAPARK, EstadoCamNombre: EBCO VITAPARK, RUT: 76525290-3
2024-06-11 10:27:42,739 - root - INFO - --ID Empresa: 137, Nombre: EBCO PARQUE LOS ENCINOS, EstadoCamNombre: EBCO LOS ENCINOS, RUT: 76525290-3
2024-06-11 10:27:42,742 - root - INFO - Total empresas: 11
2024-06-11 10:27:44,765 - root - INFO - Preparando pantallazo [ID Empresa: {id_empresa}, Nombre Empresa: {EstadoCamNombre} ] ultima fecha procesada: 2024-06-10
2024-06-11 10:27:44,773 - root - INFO - Limpiar campo de busqueda: Se hara clic en 500,177
2024-06-11 10:27:45,905 - root - INFO - Escribir Nombre Empresa [BASCUÑAN 222]
2024-06-11 10:27:48,306 - root - INFO - Doble clic en la empresa encontrada, en las coordenadas del primer resultado: 331,288
2024-06-11 10:27:53,426 - root - INFO - El nombre de archivo sera: BASCUÑAN 222_20240611.jpg
2024-06-11 10:27:53,434 - root - INFO - Haciendo el print de pantalla en las areas: (90,90 y 1375,947)
2024-06-11 10:27:53,499 - root - INFO - Guardando archivo: C:\Utils\EstadoCamPY\Capturas\20240611\BASCUÑAN 222_20240611.jpg
2024-06-11 10:27:53,522 - root - INFO - Guardado OK.
2024-06-11 10:27:53,529 - root - INFO - Cerrando vista cliente. Se hara clic en: 1620,70
2024-06-11 10:27:55,720 - root - INFO - Preparando pantallazo [ID Empresa: {id_empresa}, Nombre Empresa: {EstadoCamNombre} ] ultima fecha procesada: 2024-06-10
2024-06-11 10:27:55,735 - root - INFO - Limpiar campo de busqueda: Se hara clic en 500,177
2024-06-11 10:27:56,850 - root - INFO - Escribir Nombre Empresa [BODEGA CESAR]
2024-06-11 10:27:59,231 - root - INFO - Doble clic en la empresa encontrada, en las coordenadas del primer resultado: 331,288
2024-06-11 10:28:04,353 - root - INFO - El nombre de archivo sera: BODEGA CESAR_20240611.jpg
2024-06-11 10:28:04,360 - root - INFO - Haciendo el print de pantalla en las areas: (90,90 y 1375,947)
2024-06-11 10:28:04,430 - root - INFO - Guardando archivo: C:\Utils\EstadoCamPY\Capturas\20240611\BODEGA CESAR_20240611.jpg
2024-06-11 10:28:04,443 - root - INFO - Guardado OK.
2024-06-11 10:28:04,449 - root - INFO - Cerrando vista cliente. Se hara clic en: 1620,70
2024-06-11 10:28:06,616 - root - INFO - Preparando pantallazo [ID Empresa: {id_empresa}, Nombre Empresa: {EstadoCamNombre} ] ultima fecha procesada: 2024-06-10
2024-06-11 10:28:06,622 - root - INFO - Limpiar campo de busqueda: Se hara clic en 500,177
2024-06-11 10:28:07,741 - root - INFO - Escribir Nombre Empresa [SAN JOAQUIN]
2024-06-11 10:28:10,104 - root - INFO - Doble clic en la empresa encontrada, en las coordenadas del primer resultado: 331,288
2024-06-11 10:28:15,231 - root - INFO - El nombre de archivo sera: SAN JOAQUIN_20240611.jpg
2024-06-11 10:28:15,245 - root - INFO - Haciendo el print de pantalla en las areas: (90,90 y 1375,947)
2024-06-11 10:28:15,381 - root - INFO - Guardando archivo: C:\Utils\EstadoCamPY\Capturas\20240611\SAN JOAQUIN_20240611.jpg
2024-06-11 10:28:15,398 - root - INFO - Guardado OK.
2024-06-11 10:28:15,405 - root - INFO - Cerrando vista cliente. Se hara clic en: 1620,70
2024-06-11 10:28:17,568 - root - INFO - Preparando pantallazo [ID Empresa: {id_empresa}, Nombre Empresa: {EstadoCamNombre} ] ultima fecha procesada: 2024-06-10
2024-06-11 10:28:17,576 - root - INFO - Limpiar campo de busqueda: Se hara clic en 500,177
2024-06-11 10:28:18,688 - root - INFO - Escribir Nombre Empresa [JAIME URIBE]
2024-06-11 10:28:21,053 - root - INFO - Doble clic en la empresa encontrada, en las coordenadas del primer resultado: 331,288
2024-06-11 10:28:26,173 - root - INFO - El nombre de archivo sera: JAIME URIBE_20240611.jpg
2024-06-11 10:28:26,181 - root - INFO - Haciendo el print de pantalla en las areas: (90,90 y 1375,947)
2024-06-11 10:28:26,308 - root - INFO - Guardando archivo: C:\Utils\EstadoCamPY\Capturas\20240611\JAIME URIBE_20240611.jpg
2024-06-11 10:28:26,320 - root - INFO - Guardado OK.
2024-06-11 10:28:26,326 - root - INFO - Cerrando vista cliente. Se hara clic en: 1620,70
2024-06-11 10:28:28,496 - root - INFO - Preparando pantallazo [ID Empresa: {id_empresa}, Nombre Empresa: {EstadoCamNombre} ] ultima fecha procesada: 2024-06-10
2024-06-11 10:28:28,509 - root - INFO - Limpiar campo de busqueda: Se hara clic en 500,177
2024-06-11 10:28:29,632 - root - INFO - Escribir Nombre Empresa [MQI CONCHALI]
2024-06-11 10:28:32,005 - root - INFO - Doble clic en la empresa encontrada, en las coordenadas del primer resultado: 331,288
2024-06-11 10:28:37,151 - root - INFO - El nombre de archivo sera: MQI CONCHALI_20240611.jpg
2024-06-11 10:28:37,167 - root - INFO - Haciendo el print de pantalla en las areas: (90,90 y 1375,947)
2024-06-11 10:28:37,237 - root - INFO - Guardando archivo: C:\Utils\EstadoCamPY\Capturas\20240611\MQI CONCHALI_20240611.jpg
2024-06-11 10:28:37,249 - root - INFO - Guardado OK.
2024-06-11 10:28:37,255 - root - INFO - Cerrando vista cliente. Se hara clic en: 1620,70
2024-06-11 10:28:39,422 - root - INFO - Preparando pantallazo [ID Empresa: {id_empresa}, Nombre Empresa: {EstadoCamNombre} ] ultima fecha procesada: 2024-06-07
2024-06-11 10:28:39,428 - root - INFO - Limpiar campo de busqueda: Se hara clic en 500,177
2024-06-11 10:28:40,552 - root - INFO - Escribir Nombre Empresa [DEGRAF]
2024-06-11 10:28:42,918 - root - INFO - Doble clic en la empresa encontrada, en las coordenadas del primer resultado: 331,288
2024-06-11 10:28:48,044 - root - INFO - El nombre de archivo sera: DEGRAF_20240611.jpg
2024-06-11 10:28:48,058 - root - INFO - Haciendo el print de pantalla en las areas: (90,90 y 1375,947)
2024-06-11 10:28:48,184 - root - INFO - Guardando archivo: C:\Utils\EstadoCamPY\Capturas\20240611\DEGRAF_20240611.jpg
2024-06-11 10:28:48,199 - root - INFO - Guardado OK.
2024-06-11 10:28:48,205 - root - INFO - Cerrando vista cliente. Se hara clic en: 1620,70
2024-06-11 10:28:50,379 - root - INFO - Preparando pantallazo [ID Empresa: {id_empresa}, Nombre Empresa: {EstadoCamNombre} ] ultima fecha procesada: 2024-06-07
2024-06-11 10:28:50,391 - root - INFO - Limpiar campo de busqueda: Se hara clic en 500,177
2024-06-11 10:28:51,529 - root - INFO - Escribir Nombre Empresa [BELUXA]
2024-06-11 10:28:53,893 - root - INFO - Doble clic en la empresa encontrada, en las coordenadas del primer resultado: 331,288
2024-06-11 10:28:59,022 - root - INFO - El nombre de archivo sera: BELUXA_20240611.jpg
2024-06-11 10:28:59,037 - root - INFO - Haciendo el print de pantalla en las areas: (90,90 y 1375,947)
2024-06-11 10:28:59,155 - root - INFO - Guardando archivo: C:\Utils\EstadoCamPY\Capturas\20240611\BELUXA_20240611.jpg
2024-06-11 10:28:59,168 - root - INFO - Guardado OK.
2024-06-11 10:28:59,174 - root - INFO - Cerrando vista cliente. Se hara clic en: 1620,70
2024-06-11 10:29:01,325 - root - INFO - Preparando pantallazo [ID Empresa: {id_empresa}, Nombre Empresa: {EstadoCamNombre} ] ultima fecha procesada: 2024-06-07
2024-06-11 10:29:01,332 - root - INFO - Limpiar campo de busqueda: Se hara clic en 500,177
2024-06-11 10:29:02,474 - root - INFO - Escribir Nombre Empresa [METALDUO]
2024-06-11 10:29:04,868 - root - INFO - Doble clic en la empresa encontrada, en las coordenadas del primer resultado: 331,288
2024-06-11 10:29:09,999 - root - INFO - El nombre de archivo sera: METALDUO_20240611.jpg
2024-06-11 10:29:10,015 - root - INFO - Haciendo el print de pantalla en las areas: (90,90 y 1375,947)
2024-06-11 10:29:10,149 - root - INFO - Guardando archivo: C:\Utils\EstadoCamPY\Capturas\20240611\METALDUO_20240611.jpg
2024-06-11 10:29:10,163 - root - INFO - Guardado OK.
2024-06-11 10:29:10,169 - root - INFO - Cerrando vista cliente. Se hara clic en: 1620,70
2024-06-11 10:29:12,351 - root - INFO - Preparando pantallazo [ID Empresa: {id_empresa}, Nombre Empresa: {EstadoCamNombre} ] ultima fecha procesada: 2024-06-07
2024-06-11 10:29:12,366 - root - INFO - Limpiar campo de busqueda: Se hara clic en 500,177
2024-06-11 10:29:13,496 - root - INFO - Escribir Nombre Empresa [DAFF]
2024-06-11 10:29:15,894 - root - INFO - Doble clic en la empresa encontrada, en las coordenadas del primer resultado: 331,288
2024-06-11 10:29:21,030 - root - INFO - El nombre de archivo sera: DAFF_20240611.jpg
2024-06-11 10:29:21,044 - root - INFO - Haciendo el print de pantalla en las areas: (90,90 y 1375,947)
2024-06-11 10:29:21,178 - root - INFO - Guardando archivo: C:\Utils\EstadoCamPY\Capturas\20240611\DAFF_20240611.jpg
2024-06-11 10:29:21,196 - root - INFO - Guardado OK.
2024-06-11 10:29:21,203 - root - INFO - Cerrando vista cliente. Se hara clic en: 1620,70
2024-06-11 10:29:23,381 - root - INFO - Preparando pantallazo [ID Empresa: {id_empresa}, Nombre Empresa: {EstadoCamNombre} ] ultima fecha procesada: 2024-06-07
2024-06-11 10:29:23,396 - root - INFO - Limpiar campo de busqueda: Se hara clic en 500,177
2024-06-11 10:29:24,529 - root - INFO - Escribir Nombre Empresa [EBCO VITAPARK]
2024-06-11 10:29:26,900 - root - INFO - Doble clic en la empresa encontrada, en las coordenadas del primer resultado: 331,288
2024-06-11 10:29:32,028 - root - INFO - El nombre de archivo sera: EBCO VITAPARK_20240611.jpg
2024-06-11 10:29:32,043 - root - INFO - Haciendo el print de pantalla en las areas: (90,90 y 1375,947)
2024-06-11 10:29:32,112 - root - INFO - Guardando archivo: C:\Utils\EstadoCamPY\Capturas\20240611\EBCO VITAPARK_20240611.jpg
2024-06-11 10:29:32,125 - root - INFO - Guardado OK.
2024-06-11 10:29:32,132 - root - INFO - Cerrando vista cliente. Se hara clic en: 1620,70
2024-06-11 10:29:34,313 - root - INFO - Preparando pantallazo [ID Empresa: {id_empresa}, Nombre Empresa: {EstadoCamNombre} ] ultima fecha procesada: 2024-06-07
2024-06-11 10:29:34,326 - root - INFO - Limpiar campo de busqueda: Se hara clic en 500,177
2024-06-11 10:29:35,462 - root - INFO - Escribir Nombre Empresa [EBCO LOS ENCINOS]
2024-06-11 10:29:37,819 - root - INFO - Doble clic en la empresa encontrada, en las coordenadas del primer resultado: 331,288
2024-06-11 10:29:42,944 - root - INFO - El nombre de archivo sera: EBCO LOS ENCINOS_20240611.jpg
2024-06-11 10:29:42,959 - root - INFO - Haciendo el print de pantalla en las areas: (90,90 y 1375,947)
2024-06-11 10:29:43,084 - root - INFO - Guardando archivo: C:\Utils\EstadoCamPY\Capturas\20240611\EBCO LOS ENCINOS_20240611.jpg
2024-06-11 10:29:43,098 - root - INFO - Guardado OK.
2024-06-11 10:29:43,104 - root - INFO - Cerrando vista cliente. Se hara clic en: 1620,70
2024-06-11 10:29:43,292 - root - INFO - Conexion BD cerrada.
2024-06-11 10:29:43,300 - root - INFO - Cerrando la ultima vista cargada. Se hara clic en: 1620,70
2024-06-11 10:29:43,421 - root - INFO - Limpiar campo de busqueda: Se hara clic en 500,177
2024-06-11 10:29:43,553 - root - INFO - Cerrar ventana monitoreo: Se hara clic en 500,30
2024-06-11 10:29:43,655 - root - INFO - ***-----------------FINALIZANDO BOT DSS---------------------------***
